2019-03-31 13:42:16,398 [WARN] from application in play-dev-mode-akka.actor.default-dispatcher-9 - Configuration not found for database: No configuration setting found for key 'db'
2019-03-31 13:42:41,161 [INFO] from play.api.http.EnabledFilters in play-dev-mode-akka.actor.default-dispatcher-9 - Enabled Filters (see <https://www.playframework.com/documentation/latest/Filters>):

    play.filters.csrf.CSRFFilter
    play.filters.headers.SecurityHeadersFilter
    play.filters.hosts.AllowedHostsFilter
    play.filters.headers.SecurityHeadersFilter
    play.filters.hosts.AllowedHostsFilter

2019-03-31 13:42:41,533 [INFO] from play.api.Play in play-dev-mode-akka.actor.default-dispatcher-9 - Application started (Dev)
2019-03-31 13:53:15,567 [WARN] from application in play-dev-mode-akka.actor.default-dispatcher-12 - Configuration not found for database: No configuration setting found for key 'db'
2019-03-31 13:53:17,008 [INFO] from play.api.http.EnabledFilters in play-dev-mode-akka.actor.default-dispatcher-12 - Enabled Filters (see <https://www.playframework.com/documentation/latest/Filters>):

    play.filters.csrf.CSRFFilter
    play.filters.headers.SecurityHeadersFilter
    play.filters.hosts.AllowedHostsFilter
    play.filters.headers.SecurityHeadersFilter
    play.filters.hosts.AllowedHostsFilter

2019-03-31 13:53:17,153 [INFO] from play.api.Play in play-dev-mode-akka.actor.default-dispatcher-12 - Application started (Dev)
2019-03-31 13:54:25,890 [ERROR] from application in play-dev-mode-akka.actor.default-dispatcher-15 - 

! @7bch6a6mg - Internal server error, for (GET) [/] ->
 
play.sbt.routes.RoutesCompilationException: Compilation error[`/' expected but `a' found]
	at play.sbt.routes.RoutesCompiler$.$anonfun$compileRoutes$5(RoutesCompiler.scala:165)
	at scala.collection.TraversableLike.$anonfun$map$1(TraversableLike.scala:233)
	at scala.collection.immutable.List.foreach(List.scala:388)
	at scala.collection.TraversableLike.map(TraversableLike.scala:233)
	at scala.collection.TraversableLike.map$(TraversableLike.scala:226)
	at scala.collection.immutable.List.map(List.scala:294)
	at play.sbt.routes.RoutesCompiler$.compileRoutes(RoutesCompiler.scala:163)
	at play.sbt.routes.RoutesCompiler$.$anonfun$compileRoutesFiles$1(RoutesCompiler.scala:141)
	at scala.Function1.$anonfun$compose$1(Function1.scala:44)
	at sbt.internal.util.$tilde$greater.$anonfun$$u2219$1(TypeFunctions.scala:40)
	at sbt.std.Transform$$anon$4.work(System.scala:67)
	at sbt.Execute.$anonfun$submit$2(Execute.scala:269)
	at sbt.internal.util.ErrorHandling$.wideConvert(ErrorHandling.scala:16)
	at sbt.Execute.work(Execute.scala:278)
	at sbt.Execute.$anonfun$submit$1(Execute.scala:269)
	at sbt.ConcurrentRestrictions$$anon$4.$anonfun$submitValid$1(ConcurrentRestrictions.scala:178)
	at sbt.CompletionService$$anon$2.call(CompletionService.scala:37)
	at java.util.concurrent.FutureTask.run(Unknown Source)
	at java.util.concurrent.Executors$RunnableAdapter.call(Unknown Source)
	at java.util.concurrent.FutureTask.run(Unknown Source)
	at java.util.concurrent.ThreadPoolExecutor.runWorker(Unknown Source)
	at java.util.concurrent.ThreadPoolExecutor$Worker.run(Unknown Source)
	at java.lang.Thread.run(Unknown Source)
2019-03-31 13:57:36,378 [WARN] from application in play-dev-mode-akka.actor.default-dispatcher-14 - Configuration not found for database: No configuration setting found for key 'db'
2019-03-31 13:57:37,742 [INFO] from play.api.http.EnabledFilters in play-dev-mode-akka.actor.default-dispatcher-14 - Enabled Filters (see <https://www.playframework.com/documentation/latest/Filters>):

    play.filters.csrf.CSRFFilter
    play.filters.headers.SecurityHeadersFilter
    play.filters.hosts.AllowedHostsFilter
    play.filters.headers.SecurityHeadersFilter
    play.filters.hosts.AllowedHostsFilter

2019-03-31 13:57:37,838 [INFO] from play.api.Play in play-dev-mode-akka.actor.default-dispatcher-14 - Application started (Dev)
2019-03-31 14:03:30,325 [WARN] from application in play-dev-mode-akka.actor.default-dispatcher-20 - Configuration not found for database: No configuration setting found for key 'db'
2019-03-31 14:03:31,603 [INFO] from play.api.http.EnabledFilters in play-dev-mode-akka.actor.default-dispatcher-20 - Enabled Filters (see <https://www.playframework.com/documentation/latest/Filters>):

    play.filters.csrf.CSRFFilter
    play.filters.headers.SecurityHeadersFilter
    play.filters.hosts.AllowedHostsFilter
    play.filters.headers.SecurityHeadersFilter
    play.filters.hosts.AllowedHostsFilter

2019-03-31 14:03:31,623 [INFO] from play.api.Play in play-dev-mode-akka.actor.default-dispatcher-20 - Application started (Dev)
2019-03-31 14:33:48,213 [WARN] from application in play-dev-mode-akka.actor.default-dispatcher-26 - Configuration not found for database: No configuration setting found for key 'db'
2019-03-31 14:33:50,802 [INFO] from play.api.http.EnabledFilters in play-dev-mode-akka.actor.default-dispatcher-26 - Enabled Filters (see <https://www.playframework.com/documentation/latest/Filters>):

    play.filters.csrf.CSRFFilter
    play.filters.headers.SecurityHeadersFilter
    play.filters.hosts.AllowedHostsFilter
    play.filters.headers.SecurityHeadersFilter
    play.filters.hosts.AllowedHostsFilter

2019-03-31 14:33:50,898 [INFO] from play.api.Play in play-dev-mode-akka.actor.default-dispatcher-26 - Application started (Dev)
2019-03-31 15:04:40,044 [WARN] from application in play-dev-mode-akka.actor.default-dispatcher-34 - Configuration not found for database: No configuration setting found for key 'db'
2019-03-31 15:04:43,988 [INFO] from play.api.http.EnabledFilters in play-dev-mode-akka.actor.default-dispatcher-34 - Enabled Filters (see <https://www.playframework.com/documentation/latest/Filters>):

    play.filters.csrf.CSRFFilter
    play.filters.headers.SecurityHeadersFilter
    play.filters.hosts.AllowedHostsFilter
    play.filters.headers.SecurityHeadersFilter
    play.filters.hosts.AllowedHostsFilter

2019-03-31 15:04:44,168 [INFO] from play.api.Play in play-dev-mode-akka.actor.default-dispatcher-34 - Application started (Dev)
2019-03-31 15:25:18,177 [WARN] from application in play-dev-mode-akka.actor.default-dispatcher-48 - Configuration not found for database: No configuration setting found for key 'db'
2019-03-31 15:25:21,112 [INFO] from play.api.http.EnabledFilters in play-dev-mode-akka.actor.default-dispatcher-48 - Enabled Filters (see <https://www.playframework.com/documentation/latest/Filters>):

    play.filters.csrf.CSRFFilter
    play.filters.headers.SecurityHeadersFilter
    play.filters.hosts.AllowedHostsFilter
    play.filters.headers.SecurityHeadersFilter
    play.filters.hosts.AllowedHostsFilter

2019-03-31 15:25:21,155 [INFO] from play.api.Play in play-dev-mode-akka.actor.default-dispatcher-48 - Application started (Dev)
2019-03-31 15:25:35,396 [ERROR] from application in application-akka.actor.default-dispatcher-6 - 

! @7bchi9m3n - Internal server error, for (PUT) [/api/update] ->
 
play.api.http.HttpErrorHandlerExceptions$$anon$1: Execution exception[[ArrayIndexOutOfBoundsException: -1]]
	at play.api.http.HttpErrorHandlerExceptions$.throwableToUsefulException(HttpErrorHandler.scala:251)
	at play.api.http.DefaultHttpErrorHandler.onServerError(HttpErrorHandler.scala:178)
	at play.core.server.AkkaHttpServer$$anonfun$1.applyOrElse(AkkaHttpServer.scala:382)
	at play.core.server.AkkaHttpServer$$anonfun$1.applyOrElse(AkkaHttpServer.scala:380)
	at scala.concurrent.Future.$anonfun$recoverWith$1(Future.scala:417)
	at scala.concurrent.impl.Promise.$anonfun$transformWith$1(Promise.scala:41)
	at scala.concurrent.impl.CallbackRunnable.run(Promise.scala:64)
	at akka.dispatch.BatchingExecutor$AbstractBatch.processBatch(BatchingExecutor.scala:55)
	at akka.dispatch.BatchingExecutor$BlockableBatch.$anonfun$run$1(BatchingExecutor.scala:91)
	at scala.runtime.java8.JFunction0$mcV$sp.apply(JFunction0$mcV$sp.java:23)
	at scala.concurrent.BlockContext$.withBlockContext(BlockContext.scala:85)
	at akka.dispatch.BatchingExecutor$BlockableBatch.run(BatchingExecutor.scala:91)
	at akka.dispatch.TaskInvocation.run(AbstractDispatcher.scala:40)
	at akka.dispatch.ForkJoinExecutorConfigurator$AkkaForkJoinTask.exec(ForkJoinExecutorConfigurator.scala:44)
	at akka.dispatch.forkjoin.ForkJoinTask.doExec(ForkJoinTask.java:260)
	at akka.dispatch.forkjoin.ForkJoinPool$WorkQueue.runTask(ForkJoinPool.java:1339)
	at akka.dispatch.forkjoin.ForkJoinPool.runWorker(ForkJoinPool.java:1979)
	at akka.dispatch.forkjoin.ForkJoinWorkerThread.run(ForkJoinWorkerThread.java:107)
Caused by: java.lang.ArrayIndexOutOfBoundsException: -1
	at java.util.ArrayList.elementData(Unknown Source)
	at java.util.ArrayList.set(Unknown Source)
	at services.EstabelecimentoService.updateEstabelecimento(EstabelecimentoService.java:100)
	at controllers.EstabelecimentoController.updateEstabelecimento(EstabelecimentoController.java:68)
	at router.Routes$$anonfun$routes$1.$anonfun$applyOrElse$8(Routes.scala:168)
	at play.core.routing.HandlerInvokerFactory$$anon$6.resultCall(HandlerInvoker.scala:134)
	at play.core.routing.HandlerInvokerFactory$$anon$6.resultCall(HandlerInvoker.scala:133)
	at play.core.routing.HandlerInvokerFactory$JavaActionInvokerFactory$$anon$3$$anon$4$$anon$5.invocation(HandlerInvoker.scala:108)
	at play.core.j.JavaAction$$anon$1.call(JavaAction.scala:88)
	at play.http.DefaultActionCreator$1.call(DefaultActionCreator.java:31)
	at interceptor.ApiInterceptor.call(ApiInterceptor.java:15)
	at play.core.j.JavaAction.$anonfun$apply$8(JavaAction.scala:138)
	at scala.concurrent.Future$.$anonfun$apply$1(Future.scala:658)
	at scala.util.Success.$anonfun$map$1(Try.scala:255)
	at scala.util.Success.map(Try.scala:213)
	at scala.concurrent.Future.$anonfun$map$1(Future.scala:292)
	at scala.concurrent.impl.Promise.liftedTree1$1(Promise.scala:33)
	at scala.concurrent.impl.Promise.$anonfun$transform$1(Promise.scala:33)
	at scala.concurrent.impl.CallbackRunnable.run(Promise.scala:64)
	at play.core.j.HttpExecutionContext$$anon$2.run(HttpExecutionContext.scala:56)
	at play.api.libs.streams.Execution$trampoline$.execute(Execution.scala:70)
	at play.core.j.HttpExecutionContext.execute(HttpExecutionContext.scala:48)
	at scala.concurrent.impl.CallbackRunnable.executeWithValue(Promise.scala:72)
	at scala.concurrent.impl.Promise$KeptPromise$Kept.onComplete(Promise.scala:372)
	at scala.concurrent.impl.Promise$KeptPromise$Kept.onComplete$(Promise.scala:371)
	at scala.concurrent.impl.Promise$KeptPromise$Successful.onComplete(Promise.scala:379)
	at scala.concurrent.impl.Promise.transform(Promise.scala:33)
	at scala.concurrent.impl.Promise.transform$(Promise.scala:31)
	at scala.concurrent.impl.Promise$KeptPromise$Successful.transform(Promise.scala:379)
	at scala.concurrent.Future.map(Future.scala:292)
	at scala.concurrent.Future.map$(Future.scala:292)
	at scala.concurrent.impl.Promise$KeptPromise$Successful.map(Promise.scala:379)
	at scala.concurrent.Future$.apply(Future.scala:658)
	at play.core.j.JavaAction.apply(JavaAction.scala:138)
	at play.api.mvc.Action.$anonfun$apply$2(Action.scala:96)
	at scala.concurrent.Future.$anonfun$flatMap$1(Future.scala:307)
	... 13 common frames omitted
2019-03-31 15:26:32,798 [ERROR] from application in application-akka.actor.default-dispatcher-2 - 

! @7bchid31g - Internal server error, for (PUT) [/api/update] ->
 
play.api.http.HttpErrorHandlerExceptions$$anon$1: Execution exception[[ArrayIndexOutOfBoundsException: -1]]
	at play.api.http.HttpErrorHandlerExceptions$.throwableToUsefulException(HttpErrorHandler.scala:251)
	at play.api.http.DefaultHttpErrorHandler.onServerError(HttpErrorHandler.scala:178)
	at play.core.server.AkkaHttpServer$$anonfun$1.applyOrElse(AkkaHttpServer.scala:382)
	at play.core.server.AkkaHttpServer$$anonfun$1.applyOrElse(AkkaHttpServer.scala:380)
	at scala.concurrent.Future.$anonfun$recoverWith$1(Future.scala:417)
	at scala.concurrent.impl.Promise.$anonfun$transformWith$1(Promise.scala:41)
	at scala.concurrent.impl.CallbackRunnable.run(Promise.scala:64)
	at akka.dispatch.BatchingExecutor$AbstractBatch.processBatch(BatchingExecutor.scala:55)
	at akka.dispatch.BatchingExecutor$BlockableBatch.$anonfun$run$1(BatchingExecutor.scala:91)
	at scala.runtime.java8.JFunction0$mcV$sp.apply(JFunction0$mcV$sp.java:23)
	at scala.concurrent.BlockContext$.withBlockContext(BlockContext.scala:85)
	at akka.dispatch.BatchingExecutor$BlockableBatch.run(BatchingExecutor.scala:91)
	at akka.dispatch.TaskInvocation.run(AbstractDispatcher.scala:40)
	at akka.dispatch.ForkJoinExecutorConfigurator$AkkaForkJoinTask.exec(ForkJoinExecutorConfigurator.scala:44)
	at akka.dispatch.forkjoin.ForkJoinTask.doExec(ForkJoinTask.java:260)
	at akka.dispatch.forkjoin.ForkJoinPool$WorkQueue.runTask(ForkJoinPool.java:1339)
	at akka.dispatch.forkjoin.ForkJoinPool.runWorker(ForkJoinPool.java:1979)
	at akka.dispatch.forkjoin.ForkJoinWorkerThread.run(ForkJoinWorkerThread.java:107)
Caused by: java.lang.ArrayIndexOutOfBoundsException: -1
	at java.util.ArrayList.elementData(Unknown Source)
	at java.util.ArrayList.set(Unknown Source)
	at services.EstabelecimentoService.updateEstabelecimento(EstabelecimentoService.java:100)
	at controllers.EstabelecimentoController.updateEstabelecimento(EstabelecimentoController.java:68)
	at router.Routes$$anonfun$routes$1.$anonfun$applyOrElse$8(Routes.scala:168)
	at play.core.routing.HandlerInvokerFactory$$anon$6.resultCall(HandlerInvoker.scala:134)
	at play.core.routing.HandlerInvokerFactory$$anon$6.resultCall(HandlerInvoker.scala:133)
	at play.core.routing.HandlerInvokerFactory$JavaActionInvokerFactory$$anon$3$$anon$4$$anon$5.invocation(HandlerInvoker.scala:108)
	at play.core.j.JavaAction$$anon$1.call(JavaAction.scala:88)
	at play.http.DefaultActionCreator$1.call(DefaultActionCreator.java:31)
	at interceptor.ApiInterceptor.call(ApiInterceptor.java:15)
	at play.core.j.JavaAction.$anonfun$apply$8(JavaAction.scala:138)
	at scala.concurrent.Future$.$anonfun$apply$1(Future.scala:658)
	at scala.util.Success.$anonfun$map$1(Try.scala:255)
	at scala.util.Success.map(Try.scala:213)
	at scala.concurrent.Future.$anonfun$map$1(Future.scala:292)
	at scala.concurrent.impl.Promise.liftedTree1$1(Promise.scala:33)
	at scala.concurrent.impl.Promise.$anonfun$transform$1(Promise.scala:33)
	at scala.concurrent.impl.CallbackRunnable.run(Promise.scala:64)
	at play.core.j.HttpExecutionContext$$anon$2.run(HttpExecutionContext.scala:56)
	at play.api.libs.streams.Execution$trampoline$.execute(Execution.scala:70)
	at play.core.j.HttpExecutionContext.execute(HttpExecutionContext.scala:48)
	at scala.concurrent.impl.CallbackRunnable.executeWithValue(Promise.scala:72)
	at scala.concurrent.impl.Promise$KeptPromise$Kept.onComplete(Promise.scala:372)
	at scala.concurrent.impl.Promise$KeptPromise$Kept.onComplete$(Promise.scala:371)
	at scala.concurrent.impl.Promise$KeptPromise$Successful.onComplete(Promise.scala:379)
	at scala.concurrent.impl.Promise.transform(Promise.scala:33)
	at scala.concurrent.impl.Promise.transform$(Promise.scala:31)
	at scala.concurrent.impl.Promise$KeptPromise$Successful.transform(Promise.scala:379)
	at scala.concurrent.Future.map(Future.scala:292)
	at scala.concurrent.Future.map$(Future.scala:292)
	at scala.concurrent.impl.Promise$KeptPromise$Successful.map(Promise.scala:379)
	at scala.concurrent.Future$.apply(Future.scala:658)
	at play.core.j.JavaAction.apply(JavaAction.scala:138)
	at play.api.mvc.Action.$anonfun$apply$2(Action.scala:96)
	at scala.concurrent.Future.$anonfun$flatMap$1(Future.scala:307)
	... 13 common frames omitted
2019-03-31 15:29:15,337 [WARN] from application in play-dev-mode-akka.actor.default-dispatcher-46 - Configuration not found for database: No configuration setting found for key 'db'
2019-03-31 15:29:17,499 [INFO] from play.api.http.EnabledFilters in play-dev-mode-akka.actor.default-dispatcher-46 - Enabled Filters (see <https://www.playframework.com/documentation/latest/Filters>):

    play.filters.csrf.CSRFFilter
    play.filters.headers.SecurityHeadersFilter
    play.filters.hosts.AllowedHostsFilter
    play.filters.headers.SecurityHeadersFilter
    play.filters.hosts.AllowedHostsFilter

2019-03-31 15:29:17,509 [INFO] from play.api.Play in play-dev-mode-akka.actor.default-dispatcher-46 - Application started (Dev)
2019-03-31 15:29:36,572 [ERROR] from application in application-akka.actor.default-dispatcher-6 - 

! @7bchinenm - Internal server error, for (POST) [/api/update] ->
 
play.api.http.HttpErrorHandlerExceptions$$anon$1: Execution exception[[ArrayIndexOutOfBoundsException: -1]]
	at play.api.http.HttpErrorHandlerExceptions$.throwableToUsefulException(HttpErrorHandler.scala:251)
	at play.api.http.DefaultHttpErrorHandler.onServerError(HttpErrorHandler.scala:178)
	at play.core.server.AkkaHttpServer$$anonfun$1.applyOrElse(AkkaHttpServer.scala:382)
	at play.core.server.AkkaHttpServer$$anonfun$1.applyOrElse(AkkaHttpServer.scala:380)
	at scala.concurrent.Future.$anonfun$recoverWith$1(Future.scala:417)
	at scala.concurrent.impl.Promise.$anonfun$transformWith$1(Promise.scala:41)
	at scala.concurrent.impl.CallbackRunnable.run(Promise.scala:64)
	at akka.dispatch.BatchingExecutor$AbstractBatch.processBatch(BatchingExecutor.scala:55)
	at akka.dispatch.BatchingExecutor$BlockableBatch.$anonfun$run$1(BatchingExecutor.scala:91)
	at scala.runtime.java8.JFunction0$mcV$sp.apply(JFunction0$mcV$sp.java:23)
	at scala.concurrent.BlockContext$.withBlockContext(BlockContext.scala:85)
	at akka.dispatch.BatchingExecutor$BlockableBatch.run(BatchingExecutor.scala:91)
	at akka.dispatch.TaskInvocation.run(AbstractDispatcher.scala:40)
	at akka.dispatch.ForkJoinExecutorConfigurator$AkkaForkJoinTask.exec(ForkJoinExecutorConfigurator.scala:44)
	at akka.dispatch.forkjoin.ForkJoinTask.doExec(ForkJoinTask.java:260)
	at akka.dispatch.forkjoin.ForkJoinPool$WorkQueue.runTask(ForkJoinPool.java:1339)
	at akka.dispatch.forkjoin.ForkJoinPool.runWorker(ForkJoinPool.java:1979)
	at akka.dispatch.forkjoin.ForkJoinWorkerThread.run(ForkJoinWorkerThread.java:107)
Caused by: java.lang.ArrayIndexOutOfBoundsException: -1
	at java.util.ArrayList.elementData(Unknown Source)
	at java.util.ArrayList.set(Unknown Source)
	at services.EstabelecimentoService.updateEstabelecimento(EstabelecimentoService.java:100)
	at controllers.EstabelecimentoController.updateEstabelecimento(EstabelecimentoController.java:68)
	at router.Routes$$anonfun$routes$1.$anonfun$applyOrElse$8(Routes.scala:168)
	at play.core.routing.HandlerInvokerFactory$$anon$6.resultCall(HandlerInvoker.scala:134)
	at play.core.routing.HandlerInvokerFactory$$anon$6.resultCall(HandlerInvoker.scala:133)
	at play.core.routing.HandlerInvokerFactory$JavaActionInvokerFactory$$anon$3$$anon$4$$anon$5.invocation(HandlerInvoker.scala:108)
	at play.core.j.JavaAction$$anon$1.call(JavaAction.scala:88)
	at play.http.DefaultActionCreator$1.call(DefaultActionCreator.java:31)
	at interceptor.ApiInterceptor.call(ApiInterceptor.java:15)
	at play.core.j.JavaAction.$anonfun$apply$8(JavaAction.scala:138)
	at scala.concurrent.Future$.$anonfun$apply$1(Future.scala:658)
	at scala.util.Success.$anonfun$map$1(Try.scala:255)
	at scala.util.Success.map(Try.scala:213)
	at scala.concurrent.Future.$anonfun$map$1(Future.scala:292)
	at scala.concurrent.impl.Promise.liftedTree1$1(Promise.scala:33)
	at scala.concurrent.impl.Promise.$anonfun$transform$1(Promise.scala:33)
	at scala.concurrent.impl.CallbackRunnable.run(Promise.scala:64)
	at play.core.j.HttpExecutionContext$$anon$2.run(HttpExecutionContext.scala:56)
	at play.api.libs.streams.Execution$trampoline$.execute(Execution.scala:70)
	at play.core.j.HttpExecutionContext.execute(HttpExecutionContext.scala:48)
	at scala.concurrent.impl.CallbackRunnable.executeWithValue(Promise.scala:72)
	at scala.concurrent.impl.Promise$KeptPromise$Kept.onComplete(Promise.scala:372)
	at scala.concurrent.impl.Promise$KeptPromise$Kept.onComplete$(Promise.scala:371)
	at scala.concurrent.impl.Promise$KeptPromise$Successful.onComplete(Promise.scala:379)
	at scala.concurrent.impl.Promise.transform(Promise.scala:33)
	at scala.concurrent.impl.Promise.transform$(Promise.scala:31)
	at scala.concurrent.impl.Promise$KeptPromise$Successful.transform(Promise.scala:379)
	at scala.concurrent.Future.map(Future.scala:292)
	at scala.concurrent.Future.map$(Future.scala:292)
	at scala.concurrent.impl.Promise$KeptPromise$Successful.map(Promise.scala:379)
	at scala.concurrent.Future$.apply(Future.scala:658)
	at play.core.j.JavaAction.apply(JavaAction.scala:138)
	at play.api.mvc.Action.$anonfun$apply$2(Action.scala:96)
	at scala.concurrent.Future.$anonfun$flatMap$1(Future.scala:307)
	... 13 common frames omitted
2019-03-31 15:38:43,853 [WARN] from application in play-dev-mode-akka.actor.default-dispatcher-62 - Configuration not found for database: No configuration setting found for key 'db'
2019-03-31 15:38:47,405 [INFO] from play.api.http.EnabledFilters in play-dev-mode-akka.actor.default-dispatcher-62 - Enabled Filters (see <https://www.playframework.com/documentation/latest/Filters>):

    play.filters.csrf.CSRFFilter
    play.filters.headers.SecurityHeadersFilter
    play.filters.hosts.AllowedHostsFilter
    play.filters.headers.SecurityHeadersFilter
    play.filters.hosts.AllowedHostsFilter

2019-03-31 15:38:47,568 [INFO] from play.api.Play in play-dev-mode-akka.actor.default-dispatcher-62 - Application started (Dev)
2019-03-31 15:43:29,978 [WARN] from application in play-dev-mode-akka.actor.default-dispatcher-65 - Configuration not found for database: No configuration setting found for key 'db'
2019-03-31 15:43:30,926 [INFO] from play.api.http.EnabledFilters in play-dev-mode-akka.actor.default-dispatcher-65 - Enabled Filters (see <https://www.playframework.com/documentation/latest/Filters>):

    play.filters.csrf.CSRFFilter
    play.filters.headers.SecurityHeadersFilter
    play.filters.hosts.AllowedHostsFilter
    play.filters.headers.SecurityHeadersFilter
    play.filters.hosts.AllowedHostsFilter

2019-03-31 15:43:30,948 [INFO] from play.api.Play in play-dev-mode-akka.actor.default-dispatcher-65 - Application started (Dev)
2019-03-31 15:47:29,448 [WARN] from application in play-dev-mode-akka.actor.default-dispatcher-68 - Configuration not found for database: No configuration setting found for key 'db'
2019-03-31 15:47:30,352 [INFO] from play.api.http.EnabledFilters in play-dev-mode-akka.actor.default-dispatcher-68 - Enabled Filters (see <https://www.playframework.com/documentation/latest/Filters>):

    play.filters.csrf.CSRFFilter
    play.filters.headers.SecurityHeadersFilter
    play.filters.hosts.AllowedHostsFilter
    play.filters.headers.SecurityHeadersFilter
    play.filters.hosts.AllowedHostsFilter

2019-03-31 15:47:30,375 [INFO] from play.api.Play in play-dev-mode-akka.actor.default-dispatcher-68 - Application started (Dev)
2019-03-31 15:55:06,524 [WARN] from application in play-dev-mode-akka.actor.default-dispatcher-72 - Configuration not found for database: No configuration setting found for key 'db'
2019-03-31 15:55:08,496 [INFO] from play.api.http.EnabledFilters in play-dev-mode-akka.actor.default-dispatcher-72 - Enabled Filters (see <https://www.playframework.com/documentation/latest/Filters>):

    play.filters.csrf.CSRFFilter
    play.filters.headers.SecurityHeadersFilter
    play.filters.hosts.AllowedHostsFilter
    play.filters.headers.SecurityHeadersFilter
    play.filters.hosts.AllowedHostsFilter

2019-03-31 15:55:08,537 [INFO] from play.api.Play in play-dev-mode-akka.actor.default-dispatcher-72 - Application started (Dev)
